INFO:root:ðŸš‚ Railway environment detected - initializing database
INFO:root:âœ… Database connection successful
INFO:root:âœ… Database tables created successfully
INFO:root:Admin user already exists.
INFO:root:âœ… Checklist padrÃ£o jÃ¡ existe: 6 itens encontrados
INFO:root:ðŸ§ª Testing reports functionality...
INFO:root:âœ… Reports table accessible: 44 reports found
INFO:root:ðŸ”§ Checking and fixing migration state...
INFO:root:ðŸ”§ Found existing user_email_config table, ensuring migration state is correct
INFO:root:âœ… Alembic version atual: cc5ad1eaca6b
INFO:root:âœ… RAILWAY DATABASE INITIALIZATION COMPLETE
INFO:root:ðŸ”¥ Initializing Firebase Cloud Messaging...
WARNING:root:âš ï¸ Firebase FCM nÃ£o configurado - push notifications desabilitadas
INFO:root:ðŸ“… Initializing Scheduler for background tasks...
INFO:apscheduler.scheduler:Adding job tentatively -- it will be properly scheduled when the scheduler starts
INFO:apscheduler.scheduler:Adding job tentatively -- it will be properly scheduled when the scheduler starts
INFO:apscheduler.scheduler:Added job "Limpar notificaÃ§Ãµes expiradas (>24h)" to job store "default"
INFO:apscheduler.scheduler:Added job "Limpeza diÃ¡ria Ã s 3h" to job store "default"
INFO:apscheduler.scheduler:Scheduler started
INFO:scheduler_tasks:âœ… Scheduler iniciado com sucesso
INFO:scheduler_tasks:ðŸ“… Tarefas agendadas:
INFO:scheduler_tasks:   - Limpeza de notificaÃ§Ãµes a cada 6 horas
INFO:scheduler_tasks:   - Limpeza diÃ¡ria Ã s 3h da manhÃ£
INFO:root:âœ… Scheduler inicializado - tarefas periÃ³dicas ativas
INFO  [alembic.runtime.migration] Context impl PostgresqlImpl.
INFO  [alembic.runtime.migration] Will assume transactional DDL.
INFO  [alembic.runtime.migration] Running upgrade cc5ad1eaca6b -> fe8e8e8ec755, Adicionar novos campos em Relatorio e FotoRelatorio conforme especificacao tecnica
Traceback (most recent call last):
  File "/usr/local/lib/python3.11/site-packages/sqlalchemy/engine/base.py", line 1967, in _exec_single_context
    self.dialect.do_execute(
  File "/usr/local/lib/python3.11/site-packages/sqlalchemy/engine/default.py", line 951, in do_execute
    cursor.execute(statement, parameters)
psycopg2.errors.DuplicateColumn: column "descricao" of relation "relatorios" already exists
The above exception was the direct cause of the following exception:
Traceback (most recent call last):
  File "/usr/local/bin/alembic", line 7, in <module>
    sys.exit(main())
             ^^^^^^
  File "/usr/local/lib/python3.11/site-packages/alembic/config.py", line 1033, in main
    CommandLine(prog=prog).main(argv=argv)
  File "/usr/local/lib/python3.11/site-packages/alembic/config.py", line 1023, in main
    self.run_cmd(cfg, options)
  File "/usr/local/lib/python3.11/site-packages/alembic/config.py", line 957, in run_cmd
    fn(
  File "/usr/local/lib/python3.11/site-packages/alembic/command.py", line 483, in upgrade
    script.run_env()
  File "/usr/local/lib/python3.11/site-packages/alembic/script/base.py", line 545, in run_env
    util.load_python_file(self.dir, "env.py")
  File "/usr/local/lib/python3.11/site-packages/alembic/util/pyfiles.py", line 116, in load_python_file
    module = load_module_py(module_id, path)
             ^^^^^^^^^^^^^^^^^^^^^^^^^^^^^^^
  File "/usr/local/lib/python3.11/site-packages/alembic/util/pyfiles.py", line 136, in load_module_py
    spec.loader.exec_module(module)  # type: ignore
    ^^^^^^^^^^^^^^^^^^^^^^^^^^^^^^^
  File "<frozen importlib._bootstrap_external>", line 940, in exec_module
  File "<frozen importlib._bootstrap>", line 241, in _call_with_frames_removed
  File "/app/migrations/env.py", line 96, in <module>
    run_migrations_online()
  File "/app/migrations/env.py", line 90, in run_migrations_online
    context.run_migrations()
  File "<string>", line 8, in run_migrations
  File "/usr/local/lib/python3.11/site-packages/alembic/runtime/environment.py", line 946, in run_migrations
    self.get_context().run_migrations(**kw)
  File "/usr/local/lib/python3.11/site-packages/alembic/runtime/migration.py", line 627, in run_migrations
    step.migration_fn(**kw)
  File "/app/migrations/versions/20251102_0242_fe8e8e8ec755_adicionar_novos_campos_em_relatorio_e_.py", line 31, in upgrade
  File "<string>", line 8, in add_column
  File "<string>", line 3, in add_column
    op.add_column('relatorios', sa.Column('descricao', sa.Text(), nullable=True))
  File "/usr/local/lib/python3.11/site-packages/alembic/operations/ops.py", line 2186, in add_column
    return operations.invoke(op)
           ^^^^^^^^^^^^^^^^^^^^^
  File "/usr/local/lib/python3.11/site-packages/alembic/operations/base.py", line 441, in invoke
    return fn(self, operation)
           ^^^^^^^^^^^^^^^^^^^
  File "/usr/local/lib/python3.11/site-packages/alembic/operations/toimpl.py", line 175, in add_column
    operations.impl.add_column(
  File "/usr/local/lib/python3.11/site-packages/alembic/ddl/impl.py", line 378, in add_column
    self._exec(
  File "/usr/local/lib/python3.11/site-packages/alembic/ddl/impl.py", line 246, in _exec
    return conn.execute(construct, params)
           ^^^^^^^^^^^^^^^^^^^^^^^^^^^^^^^
  File "/usr/local/lib/python3.11/site-packages/sqlalchemy/engine/base.py", line 1419, in execute
    return meth(
           ^^^^^
  File "/usr/local/lib/python3.11/site-packages/sqlalchemy/sql/ddl.py", line 187, in _execute_on_connection
    return connection._execute_ddl(
           ^^^^^^^^^^^^^^^^^^^^^^^^
  File "/usr/local/lib/python3.11/site-packages/sqlalchemy/engine/base.py", line 1530, in _execute_ddl
    ret = self._execute_context(
          ^^^^^^^^^^^^^^^^^^^^^^
  File "/usr/local/lib/python3.11/site-packages/sqlalchemy/engine/base.py", line 1846, in _execute_context
    return self._exec_single_context(
           ^^^^^^^^^^^^^^^^^^^^^^^^^^
  File "/usr/local/lib/python3.11/site-packages/sqlalchemy/engine/base.py", line 1986, in _exec_single_context
    self._handle_dbapi_exception(
  File "/usr/local/lib/python3.11/site-packages/sqlalchemy/engine/base.py", line 2355, in _handle_dbapi_exception
    raise sqlalchemy_exception.with_traceback(exc_info[2]) from e
  File "/usr/local/lib/python3.11/site-packages/sqlalchemy/engine/base.py", line 1967, in _exec_single_context
    self.dialect.do_execute(
  File "/usr/local/lib/python3.11/site-packages/sqlalchemy/engine/default.py", line 951, in do_execute
    cursor.execute(statement, parameters)
sqlalchemy.exc.ProgrammingError: (psycopg2.errors.DuplicateColumn) column "descricao" of relation "relatorios" already exists
[SQL: ALTER TABLE relatorios ADD COLUMN descricao TEXT]
(Background on this error at: https://sqlalche.me/e/20/f405)
Stopping Container